This file contains any messages produced by compilers while
running configure, to aid debugging if configure makes a mistake.

It was created by llvm configure 2.8, which was
generated by GNU Autoconf 2.68.  Invocation command line was

  $ ./configure 

## --------- ##
## Platform. ##
## --------- ##

hostname = localhost.localdomain
uname -m = x86_64
uname -r = 2.6.42.12-1.fc15.x86_64
uname -s = Linux
uname -v = #1 SMP Tue Mar 20 16:30:08 UTC 2012

/usr/bin/uname -p = unknown
/bin/uname -X     = unknown

/bin/arch              = x86_64
/usr/bin/arch -k       = unknown
/usr/convex/getsysinfo = unknown
/usr/bin/hostinfo      = unknown
/bin/machine           = unknown
/usr/bin/oslevel       = unknown
/bin/universe          = unknown

PATH: /usr/local/gdev/bin
PATH: /usr/local/cuda/bin
PATH: /usr/java/jdk1.6.0.32/bin
PATH: /usr/lib64/ccache
PATH: /usr/local/bin
PATH: /bin
PATH: /usr/bin
PATH: /usr/local/sbin
PATH: /usr/sbin
PATH: /sbin
PATH: /home/yukke/.local/bin
PATH: /home/yukke/bin


## ----------- ##
## Core tests. ##
## ----------- ##

configure:2531: checking build system type
configure:2545: result: x86_64-unknown-linux-gnu
configure:2565: checking host system type
configure:2578: result: x86_64-unknown-linux-gnu
configure:2598: checking target system type
configure:2611: result: x86_64-unknown-linux-gnu
configure:2638: checking type of operating system we're going to host on
configure:2746: result: Linux
configure:2749: checking type of operating system we're going to target
configure:2795: result: Linux
configure:2835: checking target architecture
configure:2857: result: x86_64
configure:2923: checking for gcc
configure:2939: found /usr/lib64/ccache/gcc
configure:2950: result: gcc
configure:3179: checking for C compiler version
configure:3188: gcc --version >&5
gcc (GCC) 4.6.3 20120306 (Red Hat 4.6.3-2)
Copyright (C) 2011 Free Software Foundation, Inc.
This is free software; see the source for copying conditions.  There is NO
warranty; not even for MERCHANTABILITY or FITNESS FOR A PARTICULAR PURPOSE.

configure:3199: $? = 0
configure:3188: gcc -v >&5
Using built-in specs.
COLLECT_GCC=/usr/bin/gcc
COLLECT_LTO_WRAPPER=/usr/libexec/gcc/x86_64-redhat-linux/4.6.3/lto-wrapper
Target: x86_64-redhat-linux
Configured with: ../configure --prefix=/usr --mandir=/usr/share/man --infodir=/usr/share/info --with-bugurl=http://bugzilla.redhat.com/bugzilla --enable-bootstrap --enable-shared --enable-threads=posix --enable-checking=release --with-system-zlib --enable-__cxa_atexit --disable-libunwind-exceptions --enable-gnu-unique-object --enable-linker-build-id --enable-languages=c,c++,objc,obj-c++,java,fortran,ada,go,lto --enable-plugin --enable-java-awt=gtk --disable-dssi --with-java-home=/usr/lib/jvm/java-1.5.0-gcj-1.5.0.0/jre --enable-libgcj-multifile --enable-java-maintainer-mode --with-ecj-jar=/usr/share/java/eclipse-ecj.jar --disable-libjava-multilib --with-ppl --with-cloog --with-tune=generic --with-arch_32=i686 --build=x86_64-redhat-linux
Thread model: posix
gcc version 4.6.3 20120306 (Red Hat 4.6.3-2) (GCC) 
configure:3199: $? = 0
configure:3188: gcc -V >&5
gcc: error: unrecognized option '-V'
gcc: fatal error: no input files
compilation terminated.
configure:3199: $? = 4
configure:3188: gcc -qversion >&5
gcc: error: unrecognized option '-qversion'
gcc: fatal error: no input files
compilation terminated.
configure:3199: $? = 4
configure:3219: checking whether the C compiler works
configure:3241: gcc    conftest.c  >&5
configure:3245: $? = 0
configure:3293: result: yes
configure:3296: checking for C compiler default output file name
configure:3298: result: a.out
configure:3304: checking for suffix of executables
configure:3311: gcc -o conftest    conftest.c  >&5
configure:3315: $? = 0
configure:3337: result: 
configure:3359: checking whether we are cross compiling
configure:3367: gcc -o conftest    conftest.c  >&5
configure:3371: $? = 0
configure:3378: ./conftest
configure:3382: $? = 0
configure:3397: result: no
configure:3402: checking for suffix of object files
configure:3424: gcc -c   conftest.c >&5
configure:3428: $? = 0
configure:3449: result: o
configure:3453: checking whether we are using the GNU C compiler
configure:3472: gcc -c   conftest.c >&5
configure:3472: $? = 0
configure:3481: result: yes
configure:3490: checking whether gcc accepts -g
configure:3510: gcc -c -g  conftest.c >&5
configure:3510: $? = 0
configure:3551: result: yes
configure:3568: checking for gcc option to accept ISO C89
configure:3632: gcc  -c -g -O2  conftest.c >&5
configure:3632: $? = 0
configure:3645: result: none needed
configure:3671: checking how to run the C preprocessor
configure:3702: gcc -E  conftest.c
configure:3702: $? = 0
configure:3716: gcc -E  conftest.c
conftest.c:10:28: fatal error: ac_nonexistent.h: No such file or directory
compilation terminated.
configure:3716: $? = 1
configure: failed program was:
| /* confdefs.h */
| #define PACKAGE_NAME "llvm"
| #define PACKAGE_TARNAME "-llvm-"
| #define PACKAGE_VERSION "2.8"
| #define PACKAGE_STRING "llvm 2.8"
| #define PACKAGE_BUGREPORT "llvmbugs@cs.uiuc.edu"
| #define PACKAGE_URL ""
| #define LLVM_ON_UNIX 1
| /* end confdefs.h.  */
| #include <ac_nonexistent.h>
configure:3741: result: gcc -E
configure:3761: gcc -E  conftest.c
configure:3761: $? = 0
configure:3775: gcc -E  conftest.c
conftest.c:10:28: fatal error: ac_nonexistent.h: No such file or directory
compilation terminated.
configure:3775: $? = 1
configure: failed program was:
| /* confdefs.h */
| #define PACKAGE_NAME "llvm"
| #define PACKAGE_TARNAME "-llvm-"
| #define PACKAGE_VERSION "2.8"
| #define PACKAGE_STRING "llvm 2.8"
| #define PACKAGE_BUGREPORT "llvmbugs@cs.uiuc.edu"
| #define PACKAGE_URL ""
| #define LLVM_ON_UNIX 1
| /* end confdefs.h.  */
| #include <ac_nonexistent.h>
configure:3804: checking for grep that handles long lines and -e
configure:3862: result: /bin/grep
configure:3867: checking for egrep
configure:3929: result: /bin/grep -E
configure:3934: checking for ANSI C header files
configure:3954: gcc -c -g -O2  conftest.c >&5
configure:3954: $? = 0
configure:4027: gcc -o conftest -g -O2   conftest.c  >&5
configure:4027: $? = 0
configure:4027: ./conftest
configure:4027: $? = 0
configure:4038: result: yes
configure:4051: checking for sys/types.h
configure:4051: gcc -c -g -O2  conftest.c >&5
configure:4051: $? = 0
configure:4051: result: yes
configure:4051: checking for sys/stat.h
configure:4051: gcc -c -g -O2  conftest.c >&5
configure:4051: $? = 0
configure:4051: result: yes
configure:4051: checking for stdlib.h
configure:4051: gcc -c -g -O2  conftest.c >&5
configure:4051: $? = 0
configure:4051: result: yes
configure:4051: checking for string.h
configure:4051: gcc -c -g -O2  conftest.c >&5
configure:4051: $? = 0
configure:4051: result: yes
configure:4051: checking for memory.h
configure:4051: gcc -c -g -O2  conftest.c >&5
configure:4051: $? = 0
configure:4051: result: yes
configure:4051: checking for strings.h
configure:4051: gcc -c -g -O2  conftest.c >&5
configure:4051: $? = 0
configure:4051: result: yes
configure:4051: checking for inttypes.h
configure:4051: gcc -c -g -O2  conftest.c >&5
configure:4051: $? = 0
configure:4051: result: yes
configure:4051: checking for stdint.h
configure:4051: gcc -c -g -O2  conftest.c >&5
configure:4051: $? = 0
configure:4051: result: yes
configure:4051: checking for unistd.h
configure:4051: gcc -c -g -O2  conftest.c >&5
configure:4051: $? = 0
configure:4051: result: yes
configure:4063: checking whether byte ordering is bigendian
configure:4078: gcc -c -g -O2  conftest.c >&5
conftest.c:21:9: error: unknown type name 'not'
conftest.c:21:15: error: expected '=', ',', ';', 'asm' or '__attribute__' before 'universal'
conftest.c:21:15: error: unknown type name 'universal'
configure:4078: $? = 1
configure: failed program was:
| /* confdefs.h */
| #define PACKAGE_NAME "llvm"
| #define PACKAGE_TARNAME "-llvm-"
| #define PACKAGE_VERSION "2.8"
| #define PACKAGE_STRING "llvm 2.8"
| #define PACKAGE_BUGREPORT "llvmbugs@cs.uiuc.edu"
| #define PACKAGE_URL ""
| #define LLVM_ON_UNIX 1
| #define STDC_HEADERS 1
| #define HAVE_SYS_TYPES_H 1
| #define HAVE_SYS_STAT_H 1
| #define HAVE_STDLIB_H 1
| #define HAVE_STRING_H 1
| #define HAVE_MEMORY_H 1
| #define HAVE_STRINGS_H 1
| #define HAVE_INTTYPES_H 1
| #define HAVE_STDINT_H 1
| #define HAVE_UNISTD_H 1
| /* end confdefs.h.  */
| #ifndef __APPLE_CC__
| 	       not a universal capable compiler
| 	     #endif
| 	     typedef int dummy;
| 
configure:4123: gcc -c -g -O2  conftest.c >&5
configure:4123: $? = 0
configure:4141: gcc -c -g -O2  conftest.c >&5
conftest.c: In function 'main':
conftest.c:27:4: error: unknown type name 'not'
conftest.c:27:12: error: expected '=', ',', ';', 'asm' or '__attribute__' before 'endian'
configure:4141: $? = 1
configure: failed program was:
| /* confdefs.h */
| #define PACKAGE_NAME "llvm"
| #define PACKAGE_TARNAME "-llvm-"
| #define PACKAGE_VERSION "2.8"
| #define PACKAGE_STRING "llvm 2.8"
| #define PACKAGE_BUGREPORT "llvmbugs@cs.uiuc.edu"
| #define PACKAGE_URL ""
| #define LLVM_ON_UNIX 1
| #define STDC_HEADERS 1
| #define HAVE_SYS_TYPES_H 1
| #define HAVE_SYS_STAT_H 1
| #define HAVE_STDLIB_H 1
| #define HAVE_STRING_H 1
| #define HAVE_MEMORY_H 1
| #define HAVE_STRINGS_H 1
| #define HAVE_INTTYPES_H 1
| #define HAVE_STDINT_H 1
| #define HAVE_UNISTD_H 1
| /* end confdefs.h.  */
| #include <sys/types.h>
| 		#include <sys/param.h>
| 
| int
| main ()
| {
| #if BYTE_ORDER != BIG_ENDIAN
| 		 not big endian
| 		#endif
| 
|   ;
|   return 0;
| }
configure:4269: result: no
configure:4877: checking clang compiler
configure:4905: result: built
configure:4926: checking optimization flags
configure:4939: result: -O3
configure:5102: checking how to run the C preprocessor
configure:5172: result: gcc -E
configure:5192: gcc -E  conftest.c
configure:5192: $? = 0
configure:5206: gcc -E  conftest.c
conftest.c:33:28: fatal error: ac_nonexistent.h: No such file or directory
compilation terminated.
configure:5206: $? = 1
configure: failed program was:
| /* confdefs.h */
| #define PACKAGE_NAME "llvm"
| #define PACKAGE_TARNAME "-llvm-"
| #define PACKAGE_VERSION "2.8"
| #define PACKAGE_STRING "llvm 2.8"
| #define PACKAGE_BUGREPORT "llvmbugs@cs.uiuc.edu"
| #define PACKAGE_URL ""
| #define LLVM_ON_UNIX 1
| #define STDC_HEADERS 1
| #define HAVE_SYS_TYPES_H 1
| #define HAVE_SYS_STAT_H 1
| #define HAVE_STDLIB_H 1
| #define HAVE_STRING_H 1
| #define HAVE_MEMORY_H 1
| #define HAVE_STRINGS_H 1
| #define HAVE_INTTYPES_H 1
| #define HAVE_STDINT_H 1
| #define HAVE_UNISTD_H 1
| #define ENABLE_THREADS 1
| #define ENABLE_PIC 1
| #define ENABLE_TIMESTAMPS 1
| #define LLVM_NATIVE_ARCH X86
| #define LLVM_NATIVE_TARGET LLVMInitializeX86Target
| #define LLVM_NATIVE_TARGETINFO LLVMInitializeX86TargetInfo
| #define LLVM_NATIVE_ASMPRINTER LLVMInitializeX86AsmPrinter
| #define ENABLE_CBE_PRINTF_A 1
| #define C_INCLUDE_DIRS ""
| #define CXX_INCLUDE_ROOT ""
| #define CXX_INCLUDE_ARCH ""
| #define CXX_INCLUDE_32BIT_DIR ""
| #define CXX_INCLUDE_64BIT_DIR ""
| /* end confdefs.h.  */
| #include <ac_nonexistent.h>
configure:5346: checking for C compiler version
configure:5355: gcc --version >&5
gcc (GCC) 4.6.3 20120306 (Red Hat 4.6.3-2)
Copyright (C) 2011 Free Software Foundation, Inc.
This is free software; see the source for copying conditions.  There is NO
warranty; not even for MERCHANTABILITY or FITNESS FOR A PARTICULAR PURPOSE.

configure:5366: $? = 0
configure:5355: gcc -v >&5
Using built-in specs.
COLLECT_GCC=/usr/bin/gcc
COLLECT_LTO_WRAPPER=/usr/libexec/gcc/x86_64-redhat-linux/4.6.3/lto-wrapper
Target: x86_64-redhat-linux
Configured with: ../configure --prefix=/usr --mandir=/usr/share/man --infodir=/usr/share/info --with-bugurl=http://bugzilla.redhat.com/bugzilla --enable-bootstrap --enable-shared --enable-threads=posix --enable-checking=release --with-system-zlib --enable-__cxa_atexit --disable-libunwind-exceptions --enable-gnu-unique-object --enable-linker-build-id --enable-languages=c,c++,objc,obj-c++,java,fortran,ada,go,lto --enable-plugin --enable-java-awt=gtk --disable-dssi --with-java-home=/usr/lib/jvm/java-1.5.0-gcj-1.5.0.0/jre --enable-libgcj-multifile --enable-java-maintainer-mode --with-ecj-jar=/usr/share/java/eclipse-ecj.jar --disable-libjava-multilib --with-ppl --with-cloog --with-tune=generic --with-arch_32=i686 --build=x86_64-redhat-linux
Thread model: posix
gcc version 4.6.3 20120306 (Red Hat 4.6.3-2) (GCC) 
configure:5366: $? = 0
configure:5355: gcc -V >&5
gcc: error: unrecognized option '-V'
gcc: fatal error: no input files
compilation terminated.
configure:5366: $? = 4
configure:5355: gcc -qversion >&5
gcc: error: unrecognized option '-qversion'
gcc: fatal error: no input files
compilation terminated.
configure:5366: $? = 4
configure:5370: checking whether we are using the GNU C compiler
configure:5398: result: yes
configure:5407: checking whether gcc accepts -g
configure:5468: result: yes
configure:5485: checking for gcc option to accept ISO C89
configure:5562: result: none needed
configure:5640: checking for g++
configure:5656: found /usr/lib64/ccache/g++
configure:5667: result: g++
configure:5694: checking for C++ compiler version
configure:5703: g++ --version >&5
g++ (GCC) 4.6.3 20120306 (Red Hat 4.6.3-2)
Copyright (C) 2011 Free Software Foundation, Inc.
This is free software; see the source for copying conditions.  There is NO
warranty; not even for MERCHANTABILITY or FITNESS FOR A PARTICULAR PURPOSE.

configure:5714: $? = 0
configure:5703: g++ -v >&5
Using built-in specs.
COLLECT_GCC=/usr/bin/g++
COLLECT_LTO_WRAPPER=/usr/libexec/gcc/x86_64-redhat-linux/4.6.3/lto-wrapper
Target: x86_64-redhat-linux
Configured with: ../configure --prefix=/usr --mandir=/usr/share/man --infodir=/usr/share/info --with-bugurl=http://bugzilla.redhat.com/bugzilla --enable-bootstrap --enable-shared --enable-threads=posix --enable-checking=release --with-system-zlib --enable-__cxa_atexit --disable-libunwind-exceptions --enable-gnu-unique-object --enable-linker-build-id --enable-languages=c,c++,objc,obj-c++,java,fortran,ada,go,lto --enable-plugin --enable-java-awt=gtk --disable-dssi --with-java-home=/usr/lib/jvm/java-1.5.0-gcj-1.5.0.0/jre --enable-libgcj-multifile --enable-java-maintainer-mode --with-ecj-jar=/usr/share/java/eclipse-ecj.jar --disable-libjava-multilib --with-ppl --with-cloog --with-tune=generic --with-arch_32=i686 --build=x86_64-redhat-linux
Thread model: posix
gcc version 4.6.3 20120306 (Red Hat 4.6.3-2) (GCC) 
configure:5714: $? = 0
configure:5703: g++ -V >&5
g++: error: unrecognized option '-V'
g++: fatal error: no input files
compilation terminated.
configure:5714: $? = 4
configure:5703: g++ -qversion >&5
g++: error: unrecognized option '-qversion'
g++: fatal error: no input files
compilation terminated.
configure:5714: $? = 4
configure:5718: checking whether we are using the GNU C++ compiler
configure:5737: g++ -c   conftest.cpp >&5
configure:5737: $? = 0
configure:5746: result: yes
configure:5755: checking whether g++ accepts -g
configure:5775: g++ -c -g  conftest.cpp >&5
configure:5775: $? = 0
configure:5816: result: yes
configure:5844: checking whether ln -s works
configure:5848: result: yes
configure:5857: checking for cmp
configure:5875: found /usr/bin/cmp
configure:5888: result: /usr/bin/cmp
configure:5898: checking for cp
configure:5916: found /bin/cp
configure:5929: result: /bin/cp
configure:5939: checking for date
configure:5957: found /bin/date
configure:5970: result: /bin/date
configure:5980: checking for find
configure:5998: found /bin/find
configure:6011: result: /bin/find
configure:6021: checking for grep
configure:6052: result: /bin/grep
configure:6062: checking for mkdir
configure:6080: found /bin/mkdir
configure:6093: result: /bin/mkdir
configure:6103: checking for mv
configure:6121: found /bin/mv
configure:6134: result: /bin/mv
configure:6185: checking for ranlib
configure:6201: found /usr/bin/ranlib
configure:6212: result: ranlib
configure:6277: checking for ar
configure:6293: found /usr/bin/ar
configure:6304: result: ar
configure:6328: checking for rm
configure:6346: found /bin/rm
configure:6359: result: /bin/rm
configure:6369: checking for sed
configure:6387: found /bin/sed
configure:6400: result: /bin/sed
configure:6410: checking for tar
configure:6428: found /bin/tar
configure:6441: result: /bin/tar
configure:6451: checking for pwd
configure:6469: found /bin/pwd
configure:6482: result: /bin/pwd
configure:6493: checking for Graphviz
configure:6524: result: echo Graphviz
configure:6547: checking for dot
configure:6578: result: echo dot
configure:6601: checking for fdp
configure:6632: result: echo fdp
configure:6655: checking for neato
configure:6686: result: echo neato
configure:6709: checking for twopi
configure:6740: result: echo twopi
configure:6763: checking for circo
configure:6794: result: echo circo
configure:6819: checking for gv
configure:6852: result: no
configure:6819: checking for gsview32
configure:6852: result: no
configure:6876: checking for dotty
configure:6907: result: echo dotty

## ---------------- ##
## Cache variables. ##
## ---------------- ##

ac_cv_build=x86_64-unknown-linux-gnu
ac_cv_c_bigendian=no
ac_cv_c_compiler_gnu=yes
ac_cv_cxx_compiler_gnu=yes
ac_cv_env_CCC_set=
ac_cv_env_CCC_value=
ac_cv_env_CC_set=
ac_cv_env_CC_value=
ac_cv_env_CFLAGS_set=
ac_cv_env_CFLAGS_value=
ac_cv_env_CPPFLAGS_set=
ac_cv_env_CPPFLAGS_value=
ac_cv_env_CPP_set=
ac_cv_env_CPP_value=
ac_cv_env_CXXFLAGS_set=
ac_cv_env_CXXFLAGS_value=
ac_cv_env_CXX_set=
ac_cv_env_CXX_value=
ac_cv_env_LDFLAGS_set=
ac_cv_env_LDFLAGS_value=
ac_cv_env_LIBS_set=
ac_cv_env_LIBS_value=
ac_cv_env_build_alias_set=
ac_cv_env_build_alias_value=
ac_cv_env_host_alias_set=
ac_cv_env_host_alias_value=
ac_cv_env_target_alias_set=
ac_cv_env_target_alias_value=
ac_cv_header_inttypes_h=yes
ac_cv_header_memory_h=yes
ac_cv_header_stdc=yes
ac_cv_header_stdint_h=yes
ac_cv_header_stdlib_h=yes
ac_cv_header_string_h=yes
ac_cv_header_strings_h=yes
ac_cv_header_sys_stat_h=yes
ac_cv_header_sys_types_h=yes
ac_cv_header_unistd_h=yes
ac_cv_host=x86_64-unknown-linux-gnu
ac_cv_objext=o
ac_cv_path_BINPWD=/bin/pwd
ac_cv_path_CIRCO='echo circo'
ac_cv_path_CMP=/usr/bin/cmp
ac_cv_path_CP=/bin/cp
ac_cv_path_DATE=/bin/date
ac_cv_path_DOT='echo dot'
ac_cv_path_DOTTY='echo dotty'
ac_cv_path_EGREP='/bin/grep -E'
ac_cv_path_FDP='echo fdp'
ac_cv_path_FIND=/bin/find
ac_cv_path_GRAPHVIZ='echo Graphviz'
ac_cv_path_GREP=/bin/grep
ac_cv_path_MKDIR=/bin/mkdir
ac_cv_path_MV=/bin/mv
ac_cv_path_NEATO='echo neato'
ac_cv_path_RM=/bin/rm
ac_cv_path_SED=/bin/sed
ac_cv_path_TAR=/bin/tar
ac_cv_path_TWOPI='echo twopi'
ac_cv_prog_CPP='gcc -E'
ac_cv_prog_ac_ct_AR=ar
ac_cv_prog_ac_ct_CC=gcc
ac_cv_prog_ac_ct_CXX=g++
ac_cv_prog_ac_ct_RANLIB=ranlib
ac_cv_prog_cc_c89=
ac_cv_prog_cc_g=yes
ac_cv_prog_cxx_g=yes
ac_cv_target=x86_64-unknown-linux-gnu
llvm_cv_enable_libffi=no
llvm_cv_link_all_option=-Wl,--whole-archive
llvm_cv_no_link_all_option=-Wl,--no-whole-archive
llvm_cv_os_type=Linux
llvm_cv_platform_type=Unix
llvm_cv_target_arch=x86_64
llvm_cv_target_os_type=Linux

## ----------------- ##
## Output variables. ##
## ----------------- ##

ALL_BINDINGS=''
AR='ar'
ARCH='x86_64'
BINDINGS_TO_BUILD='auto'
BINPWD='/bin/pwd'
BINUTILS_INCDIR=''
BUILD_CXX=''
BZIP2=''
CAT=''
CC='gcc'
CFLAGS='-g -O2'
CIRCO='echo circo'
CLANGPATH=''
CLANGXXPATH=''
CMP='/usr/bin/cmp'
CP='/bin/cp'
CPP='gcc -E'
CPPFLAGS=''
CVSBUILD=''
CXX='g++'
CXXFLAGS='-g -O2'
DATE='/bin/date'
DEBUG_RUNTIME=''
DEBUG_SYMBOLS=''
DEFS=''
DISABLE_ASSERTIONS='DISABLE_ASSERTIONS=1'
DOT='echo dot'
DOTTY='echo dotty'
DOXYGEN=''
ECHO_C=''
ECHO_N='-n'
ECHO_T=''
EGREP='/bin/grep -E'
ENABLE_BUILT_CLANG='1'
ENABLE_CBE_PRINTF_A='1'
ENABLE_DOXYGEN='0'
ENABLE_EXPENSIVE_CHECKS=''
ENABLE_OPTIMIZED='ENABLE_OPTIMIZED=1'
ENABLE_PIC='1'
ENABLE_PROFILING=''
ENABLE_SHARED='0'
ENABLE_THREADS='1'
ENABLE_TIMESTAMPS='1'
ENDIAN='little'
EXEEXT=''
EXPENSIVE_CHECKS='no'
EXTRA_OPTIONS=''
FDP='echo fdp'
FIND='/bin/find'
GAS=''
GRAPHVIZ='echo Graphviz'
GREP='/bin/grep'
GROFF=''
GV='echo gv'
GZIP=''
HAVE_PERL=''
HAVE_PTHREAD=''
HOST_OS='Linux'
INSTALL_DATA=''
INSTALL_PROGRAM=''
INSTALL_SCRIPT=''
JIT=''
LDFLAGS=''
LIBOBJS=''
LIBS=''
LINKALL='-Wl,--whole-archive'
LLVMCC1=''
LLVMCC1PLUS=''
LLVMCC_OPTION=''
LLVMGCC=''
LLVMGCCCOMMAND=''
LLVMGCCDIR=''
LLVMGCC_LANGS=''
LLVMGXX=''
LLVMGXXCOMMAND=''
LLVM_BINDIR=''
LLVM_CONFIGTIME=''
LLVM_COPYRIGHT='Copyright (c) 2003-2010 University of Illinois at Urbana-Champaign.'
LLVM_CROSS_COMPILING='0'
LLVM_DATADIR=''
LLVM_DOCSDIR=''
LLVM_ENUM_ASM_PARSERS='LLVM_ASM_PARSER(ARM) LLVM_ASM_PARSER(X86) '
LLVM_ENUM_ASM_PRINTERS='LLVM_ASM_PRINTER(Guc) LLVM_ASM_PRINTER(MBlaze) LLVM_ASM_PRINTER(Blackfin) LLVM_ASM_PRINTER(SystemZ) LLVM_ASM_PRINTER(MSP430) LLVM_ASM_PRINTER(XCore) LLVM_ASM_PRINTER(PIC16) LLVM_ASM_PRINTER(CellSPU) LLVM_ASM_PRINTER(Mips) LLVM_ASM_PRINTER(ARM) LLVM_ASM_PRINTER(Alpha) LLVM_ASM_PRINTER(PowerPC) LLVM_ASM_PRINTER(Sparc) LLVM_ASM_PRINTER(X86) '
LLVM_ENUM_DISASSEMBLERS='LLVM_DISASSEMBLER(ARM) LLVM_DISASSEMBLER(X86) '
LLVM_ENUM_TARGETS='LLVM_TARGET(Guc) LLVM_TARGET(MBlaze) LLVM_TARGET(CppBackend) LLVM_TARGET(CBackend) LLVM_TARGET(Blackfin) LLVM_TARGET(SystemZ) LLVM_TARGET(MSP430) LLVM_TARGET(XCore) LLVM_TARGET(PIC16) LLVM_TARGET(CellSPU) LLVM_TARGET(Mips) LLVM_TARGET(ARM) LLVM_TARGET(Alpha) LLVM_TARGET(PowerPC) LLVM_TARGET(Sparc) LLVM_TARGET(X86) '
LLVM_ETCDIR=''
LLVM_INCLUDEDIR=''
LLVM_INFODIR=''
LLVM_LIBDIR=''
LLVM_MANDIR=''
LLVM_ON_UNIX='1'
LLVM_ON_WIN32='0'
LLVM_PREFIX=''
LN_S='ln -s'
LTLIBOBJS=''
MKDIR='/bin/mkdir'
MV='/bin/mv'
NEATO='echo neato'
NM=''
NOLINKALL='-Wl,--no-whole-archive'
OBJEXT='o'
OCAMLC=''
OCAMLDEP=''
OCAMLDOC=''
OCAMLOPT=''
OCAML_LIBDIR=''
OPTIMIZE_OPTION='-O3'
OS='Linux'
PACKAGE_BUGREPORT='llvmbugs@cs.uiuc.edu'
PACKAGE_NAME='llvm'
PACKAGE_STRING='llvm 2.8'
PACKAGE_TARNAME='-llvm-'
PACKAGE_URL=''
PACKAGE_VERSION='2.8'
PATH_SEPARATOR=':'
PDFROFF=''
PERL=''
POD2HTML=''
POD2MAN=''
RANLIB='ranlib'
RDYNAMIC=''
RM='/bin/rm'
RPATH=''
RUNTEST=''
SED='/bin/sed'
SHELL='/bin/sh'
SHLIBEXT=''
SHLIBPATH_VAR=''
TAR='/bin/tar'
TARGETS_TO_BUILD='X86 Sparc PowerPC Alpha ARM Mips CellSPU PIC16 XCore MSP430 SystemZ Blackfin CBackend CppBackend MBlaze Guc'
TARGET_HAS_JIT='1'
TARGET_OS='Linux'
TWOPI='echo twopi'
USE_OPROFILE=''
USE_UDIS86=''
ZIP=''
ac_ct_CC='gcc'
ac_ct_CXX='g++'
bindir='${exec_prefix}/bin'
build='x86_64-unknown-linux-gnu'
build_alias=''
build_cpu='x86_64'
build_os='linux-gnu'
build_vendor='unknown'
datadir='${datarootdir}'
datarootdir='${prefix}/share'
docdir='${datarootdir}/doc/${PACKAGE_TARNAME}'
dvidir='${docdir}'
exec_prefix='NONE'
host='x86_64-unknown-linux-gnu'
host_alias=''
host_cpu='x86_64'
host_os='linux-gnu'
host_vendor='unknown'
htmldir='${docdir}'
includedir='${prefix}/include'
infodir='${datarootdir}/info'
libdir='${exec_prefix}/lib'
libexecdir='${exec_prefix}/libexec'
localedir='${datarootdir}/locale'
localstatedir='${prefix}/var'
mandir='${datarootdir}/man'
oldincludedir='/usr/include'
pdfdir='${docdir}'
prefix='NONE'
program_transform_name='s,x,x,'
psdir='${docdir}'
sbindir='${exec_prefix}/sbin'
sharedstatedir='${prefix}/com'
subdirs=' projects/sample'
sysconfdir='${prefix}/etc'
target='x86_64-unknown-linux-gnu'
target_alias=''
target_cpu='x86_64'
target_os='linux-gnu'
target_vendor='unknown'

## ----------- ##
## confdefs.h. ##
## ----------- ##

/* confdefs.h */
#define PACKAGE_NAME "llvm"
#define PACKAGE_TARNAME "-llvm-"
#define PACKAGE_VERSION "2.8"
#define PACKAGE_STRING "llvm 2.8"
#define PACKAGE_BUGREPORT "llvmbugs@cs.uiuc.edu"
#define PACKAGE_URL ""
#define LLVM_ON_UNIX 1
#define STDC_HEADERS 1
#define HAVE_SYS_TYPES_H 1
#define HAVE_SYS_STAT_H 1
#define HAVE_STDLIB_H 1
#define HAVE_STRING_H 1
#define HAVE_MEMORY_H 1
#define HAVE_STRINGS_H 1
#define HAVE_INTTYPES_H 1
#define HAVE_STDINT_H 1
#define HAVE_UNISTD_H 1
#define ENABLE_THREADS 1
#define ENABLE_PIC 1
#define ENABLE_TIMESTAMPS 1
#define LLVM_NATIVE_ARCH X86
#define LLVM_NATIVE_TARGET LLVMInitializeX86Target
#define LLVM_NATIVE_TARGETINFO LLVMInitializeX86TargetInfo
#define LLVM_NATIVE_ASMPRINTER LLVMInitializeX86AsmPrinter
#define ENABLE_CBE_PRINTF_A 1
#define C_INCLUDE_DIRS ""
#define CXX_INCLUDE_ROOT ""
#define CXX_INCLUDE_ARCH ""
#define CXX_INCLUDE_32BIT_DIR ""
#define CXX_INCLUDE_64BIT_DIR ""

configure: exit 2
